<?xml version="1.0" encoding="UTF-8"?>
<!-- Generated by org.testng.reporters.JUnitReportReporter -->
<testsuite hostname="Preeths-MBP" failures="0" tests="1" name="testThisCode.TestThis" time="2.016" errors="0" timestamp="2024-09-27T14:35:41 PDT" skipped="0">
  <testcase classname="testThisCode.TestThis" name="Test" time="2.016"/>
</testsuite> <!-- testThisCode.TestThis -->
